<?xml version="1.0" encoding="UTF-8"?>
<testsuite name="mastermind.TestMastermindDifferentLetters" tests="1" skipped="0" failures="0" errors="0" timestamp="2023-11-03T19:08:53" hostname="Hacs-MacBook-Pro.local" time="0.02">
  <properties/>
  <testcase name="test01SampleEqual" classname="mastermind.TestMastermindDifferentLetters" time="0.02"/>
  <system-out><![CDATA[]]></system-out>
  <system-err><![CDATA[]]></system-err>
</testsuite>
