<?xml version="1.0" encoding="UTF-8"?>
<testsuite name="taxipark.TestTask4SmartPassengers" tests="1" skipped="0" failures="0" errors="0" timestamp="2023-11-06T00:55:06" hostname="Hacs-MacBook-Pro.local" time="24.162">
  <properties/>
  <testcase name="test02" classname="taxipark.TestTask4SmartPassengers" time="24.162"/>
  <system-out><![CDATA[]]></system-out>
  <system-err><![CDATA[]]></system-err>
</testsuite>
